[20-Jul-2019 07:11:08 (IST)] File: , Method/Function: , Query: update impact_users set llogin='2019-07-20 07:11:08 AM' where id=1, Error: 0-
[20-Jul-2019 07:38:17 (IST)] File: function.database.php, Method/Function: add_record(), Query: INSERT INTO impact_goals (`goal_type`,`goal_price`,`goal_details`,`userid`,`tier_details`,`createdon`) VALUES ('earning','1000','Goals are the best way to get patrons excited about the next big step of your creative journey. Paint a picture of what you\'ll work towards together.','1','','2019-07-20'), Error: 0-
[20-Jul-2019 07:38:59 (IST)] File: function.database.php, Method/Function: add_record(), Query: INSERT INTO impact_goals (`goal_type`,`goal_price`,`goal_details`,`userid`,`tier_details`,`createdon`) VALUES ('earning','1000','Goals are the best way to get patrons excited about the next big step of your creative journey. Paint a picture of what you\'ll work towards together.','1','','2019-07-20'), Error: 0-
[20-Jul-2019 07:45:56 (IST)] File: function.database.php, Method/Function: modify_record(), Query: UPDATE impact_goals SET `goal_type` = 'earning', `goal_price` = '1500.00', `goal_details` = 'Goals are the best way to get patrons excited about the next big step of your creative journey. Paint a picture of what you'll work towards together.', `userid` = '1', `modified` = '2019-07-20' WHERE id=1, Error: 0-
[20-Jul-2019 07:46:58 (IST)] File: function.database.php, Method/Function: modify_record(), Query: UPDATE impact_goals SET `goal_type` = 'earning', `goal_price` = '2500.00', `goal_details` = 'Goals are the best way to get patrons excited about the next big step of your creative journey. Paint a picture of what you'll work towards together.', `userid` = '1', `modified` = '2019-07-20' WHERE id=2, Error: 0-
[20-Jul-2019 07:50:53 (IST)] File: function.database.php, Method/Function: modify_record(), Query: UPDATE impact_goals SET `goal_type` = 'community', `goal_price` = '3000.00', `goal_details` = 'Goals are the best way to get patrons excited about the next big step of your creative journey. Paint a picture of what you'll work towards together.', `userid` = '1', `modified` = '2019-07-20' WHERE id=2, Error: 0-
[20-Jul-2019 07:52:06 (IST)] File: function.database.php, Method/Function: modify_record(), Query: UPDATE impact_goals SET `goal_type` = 'earning', `goal_price` = '3000.00', `goal_details` = 'Goals are the best way to get patrons excited about the next big step of your creative journey. Paint a picture of what you'll work towards together.', `userid` = '1', `modified` = '2019-07-20' WHERE id=2, Error: 0-
[20-Jul-2019 09:17:32 (IST)] File: banner.php, Method/Function: get_detail(), Query: select * from impact_post where id=, Error: 0-
[20-Jul-2019 09:17:32 (IST)] File: function.database.php, Method/Function: add_record(), Query: INSERT INTO impact_post (`post_title`,`videolink`,`descri`,`userid`,`image`,`createdon`) VALUES ('post 1','','&lt;p&gt;Presenting at a prestigious conference is a good way to share your research and raise your profile in the academic community. But there is a growing problem to look out for&amp;mdash;predatory conferences. Much like predatory journals, Presenting at a prestigious conference is a good way to share your research and raise your profile in the academic community. But there is a growing problem to look out for&amp;mdash;predatory conferences. Much like predatory journals &amp;hellip;&lt;/p&gt;\r\n','1','1563594452_cta-bg.jpg','2019-07-20 09:17:32 AM'), Error: 0-
[20-Jul-2019 09:18:38 (IST)] File: function.database.php, Method/Function: add_record(), Query: INSERT INTO impact_post (`post_title`,`videolink`,`descri`,`userid`,`createdon`) VALUES ('post 1','','&lt;p&gt;Presenting at a prestigious conference is a good way to share your research and raise your profile in the academic community. But there is a growing problem to look out for&amp;mdash;predatory conferences. Much like predatory journals &amp;hellip;&lt;/p&gt;\r\n','1','2019-07-20 09:18:38 AM'), Error: 0-
[20-Jul-2019 09:19:32 (IST)] File: function.database.php, Method/Function: add_record(), Query: INSERT INTO impact_post (`post_title`,`videolink`,`descri`,`userid`,`createdon`) VALUES ('post 1','','&lt;p&gt;Presenting at a prestigious conference is a good way to share your research and raise your profile in the academic community. But there is a growing problem to look out for&amp;mdash;predatory conferences. Much like predatory journals Presenting at a prestigious conference is a good way to share your research and raise your profile in the academic community. But there is a growing problem to look out for&amp;mdash;predatory conferences. Much like predatory journals&lt;/p&gt;\r\n','1','2019-07-20 09:19:32 AM'), Error: 0-
[20-Jul-2019 09:37:12 (IST)] File: banner.php, Method/Function: get_detail(), Query: select * from impact_post where id=, Error: 0-
[20-Jul-2019 09:57:14 (IST)] File: , Method/Function: , Query: update impact_users set llogin='2019-07-20 09:57:14 AM' where id=1, Error: 0-
[20-Jul-2019 09:57:50 (IST)] File: , Method/Function: , Query: update impact_users set llogin='2019-07-20 09:57:50 AM' where id=1, Error: 0-
[20-Jul-2019 10:34:54 (IST)] File: , Method/Function: , Query: update impact_users set llogin='2019-07-20 10:34:54 AM' where id=1, Error: 0-
[20-Jul-2019 10:42:07 (IST)] File: , Method/Function: , Query: update impact_users set llogin='2019-07-20 10:42:07 AM' where id=1, Error: 0-
[20-Jul-2019 10:44:16 (IST)] File: banner.php, Method/Function: get_detail(), Query: select * from impact_post where id=, Error: 0-
[20-Jul-2019 13:02:36 (IST)] File: , Method/Function: , Query: update impact_users set llogin='2019-07-20 01:02:36 PM' where id=1, Error: 0-
[20-Jul-2019 13:17:31 (IST)] File: , Method/Function: , Query: update impact_users set llogin='2019-07-20 01:17:31 PM' where id=1, Error: 0-
[20-Jul-2019 13:47:55 (IST)] File: , Method/Function: , Query: update impact_users set llogin='2019-07-20 01:47:55 PM' where id=1, Error: 0-
[20-Jul-2019 14:23:32 (IST)] File: , Method/Function: , Query: update impact_users set llogin='2019-07-20 02:23:32 PM' where id=1, Error: 0-
[20-Jul-2019 14:26:11 (IST)] File: , Method/Function: , Query: update impact_users set llogin='2019-07-20 02:26:11 PM' where id=1, Error: 0-
[20-Jul-2019 14:57:11 (IST)] File: , Method/Function: , Query: update impact_users set llogin='2019-07-20 02:57:11 PM' where id=1, Error: 0-
[20-Jul-2019 16:28:52 (IST)] File: , Method/Function: , Query: update impact_users set llogin='2019-07-20 04:28:52 PM' where id=1, Error: 0-
[20-Jul-2019 18:44:06 (IST)] File: , Method/Function: , Query: update impact_users set llogin='2019-07-20 06:44:06 PM' where id=1, Error: 0-
[20-Jul-2019 18:46:33 (IST)] File: , Method/Function: , Query: update impact_users set llogin='2019-07-20 06:46:33 PM' where id=1, Error: 0-
[20-Jul-2019 19:28:28 (IST)] File: , Method/Function: , Query: update impact_users set llogin='2019-07-20 07:28:28 PM' where id=1, Error: 0-
[20-Jul-2019 19:29:50 (IST)] File: , Method/Function: , Query: update impact_users set llogin='2019-07-20 07:29:50 PM' where id=1, Error: 0-
